Arguments: 
  C:\Program Files\nodejs\node.exe C:\Users\cag\AppData\Roaming\npm\node_modules\yarn\bin\yarn.js init

PATH: 
  C:\Users\cag\bin;D:\Program Files (x86)\Git\mingw32\bin;D:\Program Files (x86)\Git\usr\local\bin;D:\Program Files (x86)\Git\usr\bin;D:\Program Files (x86)\Git\usr\bin;D:\Program Files (x86)\Git\mingw32\bin;D:\Program Files (x86)\Git\usr\bin;C:\Users\cag\bin;C:\ProgramData\Oracle\Java\javapath;C:\Windows\system32;C:\Windows;C:\Windows\System32\Wbem;C:\Windows\System32\WindowsPowerShell\v1.0;C:\Program Files (x86)\ATI Technologies\ATI.ACE\Core-Static;C:\Python27;C:\Program Files\nodejs;C:\Ruby22-x64\bin;C:\Program Files\nodejs\node_modules\npm\bin;C:\Python34;D:\Program Files (x86)\SSH Communications Security\SSH Secure Shell;C:\Users\cag\AppData\Roaming\npm;D:\Program Files (x86)\Git\usr\bin\vendor_perl;D:\Program Files (x86)\Git\usr\bin\core_perl

Yarn version: 
  0.20.3

Node version: 
  6.10.0

Platform: 
  win32 x64

npm manifest: 
  {
    "name": "vue_cli_webpack_simple_demo",
    "description": "A Vue.js project",
    "version": "1.0.0",
    "author": "chenag <23110134@qq.com>",
    "private": true,
    "scripts": {
      "dev": "cross-env NODE_ENV=development webpack-dev-server --open --hot",
      "build": "cross-env NODE_ENV=production webpack --progress --hide-modules"
    },
    "dependencies": {
      "vue": "^2.1.0"
    },
    "devDependencies": {
      "babel-core": "^6.0.0",
      "babel-loader": "^6.0.0",
      "babel-preset-es2015": "^6.0.0",
      "cross-env": "^3.0.0",
      "css-loader": "^0.25.0",
      "file-loader": "^0.9.0",
      "vue-loader": "^10.0.0",
      "vue-template-compiler": "^2.1.0",
      "webpack": "^2.2.0",
      "webpack-dev-server": "^2.2.0"
    }
  }

yarn manifest: 
  No manifest

Lockfile: 
  No lockfile

Trace: 
  Error: Can't answer a question unless a user TTY
      at ConsoleReporter.question (C:\Users\cag\AppData\Roaming\npm\node_modules\yarn\lib\reporters\console\console-reporter.js:199:29)
      at Object.<anonymous> (C:\Users\cag\AppData\Roaming\npm\node_modules\yarn\lib\cli\commands\init.js:115:38)
      at next (native)
      at step (C:\Users\cag\AppData\Roaming\npm\node_modules\yarn\node_modules\babel-runtime\helpers\asyncToGenerator.js:17:30)
      at C:\Users\cag\AppData\Roaming\npm\node_modules\yarn\node_modules\babel-runtime\helpers\asyncToGenerator.js:28:13
